
Copyright (C) 1994-2020 Synopsys, Inc.
This Synopsys software and all associated documentation are proprietary to Synopsys, Inc.
and may only be used pursuant to the terms and conditions of a written license agreement
with Synopsys, Inc. All other use, reproduction, modification, or distribution of the
Synopsys software or the associated documentation is strictly prohibited.
Tool: Synplify Pro (R)
Build: Q-2020.03M-SP1
Install: F:\Microsemi\Libero_SoC_v12.6\SynplifyPro
OS: Windows 6.2

Hostname: SHRIDELL

Implementation : synthesis
Synopsys HDL compiler and linker, Version comp202003synp2, Build 170R, Built Oct 21 2020 10:52:30, @

Modified Files: 6
FID:  path (prevtimestamp, timestamp)
0        C:\Users\itssh\Desktop\Micosemi_prj\Counter16\hdl\Counter16.v (N/A, 2023-10-17 18:02:59)
1        F:\Microsemi\Libero_SoC_v12.6\SynplifyPro\lib\generic\smartfusion2.v (N/A, 2020-11-03 00:58:10)
2        F:\Microsemi\Libero_SoC_v12.6\SynplifyPro\lib\vlog\hypermods.v (N/A, 2020-11-03 00:58:14)
3        F:\Microsemi\Libero_SoC_v12.6\SynplifyPro\lib\vlog\scemi_objects.v (N/A, 2020-11-03 00:58:14)
4        F:\Microsemi\Libero_SoC_v12.6\SynplifyPro\lib\vlog\scemi_pipes.svh (N/A, 2020-11-03 00:58:14)
5        F:\Microsemi\Libero_SoC_v12.6\SynplifyPro\lib\vlog\umr_capim.v (N/A, 2020-11-03 00:58:14)

*******************************************************************
Modules that may have changed as a result of file changes: 1
MID:  lib.cell.view
0        work.Counter16.verilog may have changed because the following files changed:
                        C:\Users\itssh\Desktop\Micosemi_prj\Counter16\hdl\Counter16.v (N/A, 2023-10-17 18:02:59) <-- (module definition)

*******************************************************************
Unmodified files: 0
FID:  path (timestamp)

*******************************************************************
Unchanged modules: 0
MID:  lib.cell.view
