One matching license found for this product: synplifypro_actel

Starting:    F:\Microsemi\Libero_SoC_v12.6\SynplifyPro\bin64\mbin\synbatch.exe
Install:     F:\Microsemi\Libero_SoC_v12.6\SynplifyPro
Hostname:    SHRIDELL
Date:        Tue Oct 17 17:14:41 2023
Version:     Q-2020.03M-SP1

Arguments:   -product synplify_pro -batch -log synplify.log Shifter_syn.tcl
ProductType: synplify_pro

License checkout: synplifypro_actel
License: synplifypro_actel node-locked 
Licensed Vendor: actel
License Option: actel_oem

Running in Vendor Mode

"automatic_compile_point" is unrecognized option for current device
Implementation not found: synthesis
log file: "C:\Users\itssh\Desktop\Micosemi_prj\Shifter\synthesis\Shifter.srr"
Running: synthesis in foreground

Running Shifter_syn|synthesis

Running Flow: compile (Compile) on Shifter_syn|synthesis
# Tue Oct 17 17:14:42 2023

Running Flow: compile_flow (Compile Process) on Shifter_syn|synthesis
# Tue Oct 17 17:14:42 2023

Running: compiler (Compile Input) on Shifter_syn|synthesis
# Tue Oct 17 17:14:42 2023
Copied C:\Users\itssh\Desktop\Micosemi_prj\Shifter\synthesis\synwork\Shifter_comp.srs to C:\Users\itssh\Desktop\Micosemi_prj\Shifter\synthesis\Shifter.srs

compiler completed
# Tue Oct 17 17:14:45 2023

Return Code: 0
Run Time:00h:00m:03s

Running: multi_srs_gen (Multi-srs Generator) on Shifter_syn|synthesis
# Tue Oct 17 17:14:45 2023

multi_srs_gen completed
# Tue Oct 17 17:14:45 2023

Return Code: 0
Run Time:00h:00m:00s
Copied C:\Users\itssh\Desktop\Micosemi_prj\Shifter\synthesis\synwork\Shifter_mult.srs to C:\Users\itssh\Desktop\Micosemi_prj\Shifter\synthesis\Shifter.srs
Complete: Compile Process on Shifter_syn|synthesis

Running: premap (Premap) on Shifter_syn|synthesis
# Tue Oct 17 17:14:45 2023

premap completed with warnings
# Tue Oct 17 17:14:46 2023

Return Code: 1
Run Time:00h:00m:01s
Complete: Compile on Shifter_syn|synthesis

Running Flow: map (Map) on Shifter_syn|synthesis
# Tue Oct 17 17:14:46 2023
License granted for 4 parallel jobs

Running: fpga_mapper (Map & Optimize) on Shifter_syn|synthesis
# Tue Oct 17 17:14:46 2023
Copied C:\Users\itssh\Desktop\Micosemi_prj\Shifter\synthesis\synwork\Shifter_m.srm to C:\Users\itssh\Desktop\Micosemi_prj\Shifter\synthesis\Shifter.srm

fpga_mapper completed with warnings
# Tue Oct 17 17:14:49 2023

Return Code: 1
Run Time:00h:00m:03s
Complete: Map on Shifter_syn|synthesis
Complete: Logic Synthesis on Shifter_syn|synthesis
Copied C:\Users\itssh\Desktop\Micosemi_prj\Shifter\synthesis\Shifter.srr to C:\Users\itssh\Desktop\Micosemi_prj\Shifter\synthesis\backup\Shifter.srr
TCL script complete: "Shifter_syn.tcl"
exit status=0
exit status=0
License checkin: synplifypro_actel
