Resource Usage Report for SF2Project 

Mapping to part: m2s010vf400std
Cell usage:
MSS_010         1 use


Sequential Cells: 
SLE            0 uses

DSP Blocks:    0 of 22 (0%)

I/O ports: 97
I/O primitives: 77
BIBUF          34 uses
BIBUF_DIFF     2 uses
INBUF          8 uses
OUTBUF         27 uses
OUTBUF_DIFF    1 use
TRIBUFF        5 uses


Total LUTs:    0

Extra resources required for RAM and MACC interface logic during P&R:

RAM64x18 Interface Logic : SLEs = 0; LUTs = 0;
RAM1K18  Interface Logic : SLEs = 0; LUTs = 0;
MACC     Interface Logic : SLEs = 0; LUTs = 0;

Total number of SLEs after P&R:  0 + 0 + 0 + 0 = 0;
Total number of LUTs after P&R:  0 + 0 + 0 + 0 = 0;

