
Copyright (C) 1994-2020 Synopsys, Inc.
This Synopsys software and all associated documentation are proprietary to Synopsys, Inc.
and may only be used pursuant to the terms and conditions of a written license agreement
with Synopsys, Inc. All other use, reproduction, modification, or distribution of the
Synopsys software or the associated documentation is strictly prohibited.
Tool: Synplify Pro (R)
Build: Q-2020.03M-SP1
Install: C:\Microsemi\Libero_SoC_v12.6\SynplifyPro
OS: Windows 6.2

Hostname: KANINS-DESKTOP

Implementation : synthesis

# Written on Sat Oct 14 15:22:10 2023

##### FILES SYNTAX CHECKED ##############################################
Constraint File(s):      "C:\Microsemi_prj\SF2Project\designer\HW2P7\synthesis.fdc"

#Run constraint checker to find more issues with constraints.
#########################################################################



No issues found in constraint syntax.



Clock Summary
*************

          Start        Requested     Requested     Clock        Clock                   Clock
Level     Clock        Frequency     Period        Type         Group                   Load 
---------------------------------------------------------------------------------------------
0 -       HW2P7|CP     100.0 MHz     10.000        inferred     Inferred_clkgroup_0     5    
=============================================================================================


Clock Load Summary
******************

             Clock     Source       Clock Pin       Non-clock Pin     Non-clock Pin
Clock        Load      Pin          Seq Example     Seq Example       Comb Example 
-----------------------------------------------------------------------------------
HW2P7|CP     5         CP(port)     TC_temp.C       -                 -            
===================================================================================
