
Copyright (C) 1994-2020 Synopsys, Inc.
This Synopsys software and all associated documentation are proprietary to Synopsys, Inc.
and may only be used pursuant to the terms and conditions of a written license agreement
with Synopsys, Inc. All other use, reproduction, modification, or distribution of the
Synopsys software or the associated documentation is strictly prohibited.
Tool: Synplify Pro (R)
Build: Q-2020.03M-SP1
Install: C:\Microsemi\Libero_SoC_v12.6\SynplifyPro
OS: Windows 6.2

Hostname: KANINS-DESKTOP

Implementation : synthesis

# Written on Mon Oct 23 15:13:45 2023

##### FILES SYNTAX CHECKED ##############################################
Constraint File(s):      "C:\Microsemi_prj\project2\designer\TopLevel\synthesis.fdc"

#Run constraint checker to find more issues with constraints.
#########################################################################



No issues found in constraint syntax.



Clock Summary
*************

          Start     Requested     Requested     Clock     Clock     Clock
Level     Clock     Frequency     Period        Type      Group     Load 
-------------------------------------------------------------------------
=========================================================================


Clock Load Summary
******************

          Clock     Source     Clock Pin       Non-clock Pin     Non-clock Pin
Clock     Load      Pin        Seq Example     Seq Example       Comb Example 
------------------------------------------------------------------------------
==============================================================================
