
Copyright (C) 1994-2020 Synopsys, Inc.
This Synopsys software and all associated documentation are proprietary to Synopsys, Inc.
and may only be used pursuant to the terms and conditions of a written license agreement
with Synopsys, Inc. All other use, reproduction, modification, or distribution of the
Synopsys software or the associated documentation is strictly prohibited.
Tool: Synplify Pro (R)
Build: Q-2020.03M-SP1
Install: C:\Microsemi\Libero_SoC_v12.6\SynplifyPro
OS: Windows 6.2

Hostname: KANINS-DESKTOP

Implementation : synthesis
Synopsys HDL compiler and linker, Version comp202003synp2, Build 170R, Built Oct 21 2020 10:52:30, @

Modified Files: 0
FID:  path (prevtimestamp, timestamp)

*******************************************************************
Modules that may have changed as a result of file changes: 0
MID:  lib.cell.view

*******************************************************************
Unmodified files: 7
FID:  path (timestamp)
0        C:\Microsemi\Libero_SoC_v12.6\SynplifyPro\lib\generic\smartfusion2.v (2020-11-03 00:58:10)
1        C:\Microsemi\Libero_SoC_v12.6\SynplifyPro\lib\vlog\hypermods.v (2020-11-03 00:58:13)
2        C:\Microsemi\Libero_SoC_v12.6\SynplifyPro\lib\vlog\scemi_objects.v (2020-11-03 00:58:13)
3        C:\Microsemi\Libero_SoC_v12.6\SynplifyPro\lib\vlog\scemi_pipes.svh (2020-11-03 00:58:13)
4        C:\Microsemi\Libero_SoC_v12.6\SynplifyPro\lib\vlog\umr_capim.v (2020-11-03 00:58:13)
9        C:\Microsemi_prj\project2\hdl\TopLevel.v (2023-10-23 15:13:14)
10       C:\Microsemi_prj\project2\hdl\project2.v (2023-10-23 15:10:04)

*******************************************************************
Unchanged modules: 2
MID:  lib.cell.view
4        work.TopLevel.verilog
5        work.project2.verilog
