One matching license found for this product: synplifypro_actel

Starting:    F:\Microsemi\Libero_SoC_v12.6\SynplifyPro\bin64\mbin\synbatch.exe
Install:     F:\Microsemi\Libero_SoC_v12.6\SynplifyPro
Hostname:    SHRIDELL
Date:        Tue Oct 17 15:59:23 2023
Version:     Q-2020.03M-SP1

Arguments:   -product synplify_pro -batch -log synplify.log shift_reg32_syn.tcl
ProductType: synplify_pro

License checkout: synplifypro_actel
License: synplifypro_actel node-locked 
Licensed Vendor: actel
License Option: actel_oem

Running in Vendor Mode

auto_infer_blackbox is not supported in current product.
log file: "C:\Users\itssh\Desktop\Micosemi_prj\Shift32\synthesis\shift_reg32.srr"
Running: synthesis in foreground

Running shift_reg32_syn|synthesis

Running Flow: compile (Compile) on shift_reg32_syn|synthesis
# Tue Oct 17 15:59:24 2023

Running Flow: compile_flow (Compile Process) on shift_reg32_syn|synthesis
# Tue Oct 17 15:59:24 2023

Running: compiler (Compile Input) on shift_reg32_syn|synthesis
# Tue Oct 17 15:59:24 2023
Copied C:\Users\itssh\Desktop\Micosemi_prj\Shift32\synthesis\synwork\shift_reg32_comp.srs to C:\Users\itssh\Desktop\Micosemi_prj\Shift32\synthesis\shift_reg32.srs

compiler completed
# Tue Oct 17 15:59:27 2023

Return Code: 0
Run Time:00h:00m:03s

Running: multi_srs_gen (Multi-srs Generator) on shift_reg32_syn|synthesis
# Tue Oct 17 15:59:27 2023

multi_srs_gen completed
# Tue Oct 17 15:59:27 2023

Return Code: 0
Run Time:00h:00m:00s
Copied C:\Users\itssh\Desktop\Micosemi_prj\Shift32\synthesis\synwork\shift_reg32_mult.srs to C:\Users\itssh\Desktop\Micosemi_prj\Shift32\synthesis\shift_reg32.srs
Complete: Compile Process on shift_reg32_syn|synthesis

Running: premap (Premap) on shift_reg32_syn|synthesis
# Tue Oct 17 15:59:27 2023

premap completed with warnings
# Tue Oct 17 15:59:29 2023

Return Code: 1
Run Time:00h:00m:02s
Complete: Compile on shift_reg32_syn|synthesis

Running Flow: map (Map) on shift_reg32_syn|synthesis
# Tue Oct 17 15:59:29 2023
License granted for 4 parallel jobs

Running: fpga_mapper (Map & Optimize) on shift_reg32_syn|synthesis
# Tue Oct 17 15:59:29 2023
Copied C:\Users\itssh\Desktop\Micosemi_prj\Shift32\synthesis\synwork\shift_reg32_m.srm to C:\Users\itssh\Desktop\Micosemi_prj\Shift32\synthesis\shift_reg32.srm

fpga_mapper completed with warnings
# Tue Oct 17 15:59:32 2023

Return Code: 1
Run Time:00h:00m:03s
Complete: Map on shift_reg32_syn|synthesis
Complete: Logic Synthesis on shift_reg32_syn|synthesis
TCL script complete: "shift_reg32_syn.tcl"
exit status=0
exit status=0
License checkin: synplifypro_actel
